<?xml version="1.0" encoding="UTF-8"?>
<testng-results ignored="0" total="2" passed="2" failed="0" skipped="0">
  <reporter-output>
  </reporter-output>
  <suite started-at="2022-11-25T12:02:57 IST" name="Default suite" finished-at="2022-11-25T12:03:06 IST" duration-ms="9796">
    <groups>
    </groups>
    <test started-at="2022-11-25T12:02:57 IST" name="Default test" finished-at="2022-11-25T12:03:06 IST" duration-ms="9796">
      <class name="testcases.Cases">
        <test-method is-config="true" signature="object()[pri:0, instance:testcases.Cases@4f3bbf68]" started-at="2022-11-25T12:02:57 IST" name="object" finished-at="2022-11-25T12:03:00 IST" duration-ms="3367" status="PASS">
          <reporter-output>
          </reporter-output>
        </test-method> <!-- object -->
        <test-method signature="AHome_Pages()[pri:0, instance:testcases.Cases@4f3bbf68]" started-at="2022-11-25T12:03:00 IST" name="AHome_Pages" description="Clicking on Our QA Services" finished-at="2022-11-25T12:03:05 IST" duration-ms="5124" status="PASS">
          <reporter-output>
          </reporter-output>
        </test-method> <!-- AHome_Pages -->
        <test-method signature="BHappyClients()[pri:0, instance:testcases.Cases@4f3bbf68]" started-at="2022-11-25T12:03:05 IST" name="BHappyClients" description="Clicking on Happy Clients" finished-at="2022-11-25T12:03:06 IST" duration-ms="1043" status="PASS">
          <reporter-output>
          </reporter-output>
        </test-method> <!-- BHappyClients -->
        <test-method is-config="true" signature="Windowclose()[pri:0, instance:testcases.Cases@4f3bbf68]" started-at="2022-11-25T12:03:06 IST" name="Windowclose" finished-at="2022-11-25T12:03:06 IST" duration-ms="157" status="PASS">
          <reporter-output>
          </reporter-output>
        </test-method> <!-- Windowclose -->
      </class> <!-- testcases.Cases -->
    </test> <!-- Default test -->
  </suite> <!-- Default suite -->
</testng-results>
